Collecting coverage~=5.2
  Using cached coverage-5.5-cp38-cp38-win_amd64.whl (211 kB)
Collecting flake8~=3.7
  Using cached flake8-3.9.0-py2.py3-none-any.whl (73 kB)
Collecting pypandoc~=1.4
  Using cached pypandoc-1.5-py3-none-any.whl
Requirement already satisfied: setuptools>=38.6.0 in c:\users\sagar\funds\sample\.pybuilder\plugins\cpython-3.8.2.final.0\lib\site-packages (56.0.0)
Collecting twine>=1.15.0
  Using cached twine-3.4.1-py3-none-any.whl (34 kB)
Collecting unittest-xml-reporting~=3.0.2
  Using cached unittest_xml_reporting-3.0.4-py2.py3-none-any.whl (19 kB)
Requirement already satisfied: wheel>=0.34.0 in c:\users\sagar\funds\sample\.pybuilder\plugins\cpython-3.8.2.final.0\lib\site-packages (0.36.2)
Collecting mccabe<0.7.0,>=0.6.0
  Using cached mccabe-0.6.1-py2.py3-none-any.whl (8.6 kB)
Collecting pyflakes<2.4.0,>=2.3.0
  Using cached pyflakes-2.3.1-py2.py3-none-any.whl (68 kB)
Collecting pycodestyle<2.8.0,>=2.7.0
  Using cached pycodestyle-2.7.0-py2.py3-none-any.whl (41 kB)
Requirement already satisfied: pip>=8.1.0 in c:\users\sagar\funds\sample\.pybuilder\plugins\cpython-3.8.2.final.0\lib\site-packages (from pypandoc~=1.4) (21.0.1)
Collecting requests>=2.20
  Using cached requests-2.25.1-py2.py3-none-any.whl (61 kB)
Collecting requests-toolbelt!=0.9.0,>=0.8.0
  Using cached requests_toolbelt-0.9.1-py2.py3-none-any.whl (54 kB)
Collecting pkginfo>=1.4.2
  Using cached pkginfo-1.7.0-py2.py3-none-any.whl (25 kB)
Collecting importlib-metadata>=3.6
  Using cached importlib_metadata-3.10.1-py3-none-any.whl (14 kB)
Collecting keyring>=15.1
  Using cached keyring-23.0.1-py3-none-any.whl (33 kB)
Collecting readme-renderer>=21.0
  Using cached readme_renderer-29.0-py2.py3-none-any.whl (15 kB)
Collecting colorama>=0.4.3
  Using cached colorama-0.4.4-py2.py3-none-any.whl (16 kB)
Collecting rfc3986>=1.4.0
  Using cached rfc3986-1.4.0-py2.py3-none-any.whl (31 kB)
Collecting tqdm>=4.14
  Using cached tqdm-4.60.0-py2.py3-none-any.whl (75 kB)
Collecting zipp>=0.5
  Using cached zipp-3.4.1-py3-none-any.whl (5.2 kB)
Collecting pywin32-ctypes!=0.1.0,!=0.1.1
  Using cached pywin32_ctypes-0.2.0-py2.py3-none-any.whl (28 kB)
Collecting Pygments>=2.5.1
  Using cached Pygments-2.8.1-py3-none-any.whl (983 kB)
Collecting bleach>=2.1.0
  Using cached bleach-3.3.0-py2.py3-none-any.whl (283 kB)
Collecting six
  Using cached six-1.15.0-py2.py3-none-any.whl (10 kB)
Collecting docutils>=0.13.1
  Using cached docutils-0.17-py2.py3-none-any.whl (575 kB)
Collecting packaging
  Using cached packaging-20.9-py2.py3-none-any.whl (40 kB)
Collecting webencodings
  Using cached webencodings-0.5.1-py2.py3-none-any.whl (11 kB)
Collecting certifi>=2017.4.17
  Using cached certifi-2020.12.5-py2.py3-none-any.whl (147 kB)
Collecting idna<3,>=2.5
  Using cached idna-2.10-py2.py3-none-any.whl (58 kB)
Collecting chardet<5,>=3.0.2
  Using cached chardet-4.0.0-py2.py3-none-any.whl (178 kB)
Collecting urllib3<1.27,>=1.21.1
  Using cached urllib3-1.26.4-py2.py3-none-any.whl (153 kB)
Collecting pyparsing>=2.0.2
  Using cached pyparsing-2.4.7-py2.py3-none-any.whl (67 kB)
Installing collected packages: pyparsing, zipp, webencodings, urllib3, six, packaging, idna, chardet, certifi, requests, pywin32-ctypes, Pygments, importlib-metadata, docutils, bleach, tqdm, rfc3986, requests-toolbelt, readme-renderer, pyflakes, pycodestyle, pkginfo, mccabe, keyring, colorama, unittest-xml-reporting, twine, pypandoc, flake8, coverage
Successfully installed Pygments-2.8.1 bleach-3.3.0 certifi-2020.12.5 chardet-4.0.0 colorama-0.4.4 coverage-5.5 docutils-0.17 flake8-3.9.0 idna-2.10 importlib-metadata-3.10.1 keyring-23.0.1 mccabe-0.6.1 packaging-20.9 pkginfo-1.7.0 pycodestyle-2.7.0 pyflakes-2.3.1 pypandoc-1.5 pyparsing-2.4.7 pywin32-ctypes-0.2.0 readme-renderer-29.0 requests-2.25.1 requests-toolbelt-0.9.1 rfc3986-1.4.0 six-1.15.0 tqdm-4.60.0 twine-3.4.1 unittest-xml-reporting-3.0.4 urllib3-1.26.4 webencodings-0.5.1 zipp-3.4.1
Requirement already satisfied: coverage~=5.2 in c:\users\sagar\funds\sample\.pybuilder\plugins\cpython-3.8.2.final.0\lib\site-packages (5.5)
Requirement already satisfied: flake8~=3.7 in c:\users\sagar\funds\sample\.pybuilder\plugins\cpython-3.8.2.final.0\lib\site-packages (3.9.0)
Requirement already satisfied: pypandoc~=1.4 in c:\users\sagar\funds\sample\.pybuilder\plugins\cpython-3.8.2.final.0\lib\site-packages (1.5)
Requirement already satisfied: setuptools>=38.6.0 in c:\users\sagar\funds\sample\.pybuilder\plugins\cpython-3.8.2.final.0\lib\site-packages (56.0.0)
Requirement already satisfied: twine>=1.15.0 in c:\users\sagar\funds\sample\.pybuilder\plugins\cpython-3.8.2.final.0\lib\site-packages (3.4.1)
Requirement already satisfied: unittest-xml-reporting~=3.0.2 in c:\users\sagar\funds\sample\.pybuilder\plugins\cpython-3.8.2.final.0\lib\site-packages (3.0.4)
Requirement already satisfied: wheel>=0.34.0 in c:\users\sagar\funds\sample\.pybuilder\plugins\cpython-3.8.2.final.0\lib\site-packages (0.36.2)
Requirement already satisfied: pyflakes<2.4.0,>=2.3.0 in c:\users\sagar\funds\sample\.pybuilder\plugins\cpython-3.8.2.final.0\lib\site-packages (from flake8~=3.7) (2.3.1)
Requirement already satisfied: pycodestyle<2.8.0,>=2.7.0 in c:\users\sagar\funds\sample\.pybuilder\plugins\cpython-3.8.2.final.0\lib\site-packages (from flake8~=3.7) (2.7.0)
Requirement already satisfied: mccabe<0.7.0,>=0.6.0 in c:\users\sagar\funds\sample\.pybuilder\plugins\cpython-3.8.2.final.0\lib\site-packages (from flake8~=3.7) (0.6.1)
Requirement already satisfied: pip>=8.1.0 in c:\users\sagar\funds\sample\.pybuilder\plugins\cpython-3.8.2.final.0\lib\site-packages (from pypandoc~=1.4) (21.0.1)
Requirement already satisfied: keyring>=15.1 in c:\users\sagar\funds\sample\.pybuilder\plugins\cpython-3.8.2.final.0\lib\site-packages (from twine>=1.15.0) (23.0.1)
Requirement already satisfied: requests>=2.20 in c:\users\sagar\funds\sample\.pybuilder\plugins\cpython-3.8.2.final.0\lib\site-packages (from twine>=1.15.0) (2.25.1)
Requirement already satisfied: colorama>=0.4.3 in c:\users\sagar\funds\sample\.pybuilder\plugins\cpython-3.8.2.final.0\lib\site-packages (from twine>=1.15.0) (0.4.4)
Requirement already satisfied: pkginfo>=1.4.2 in c:\users\sagar\funds\sample\.pybuilder\plugins\cpython-3.8.2.final.0\lib\site-packages (from twine>=1.15.0) (1.7.0)
Requirement already satisfied: rfc3986>=1.4.0 in c:\users\sagar\funds\sample\.pybuilder\plugins\cpython-3.8.2.final.0\lib\site-packages (from twine>=1.15.0) (1.4.0)
Requirement already satisfied: readme-renderer>=21.0 in c:\users\sagar\funds\sample\.pybuilder\plugins\cpython-3.8.2.final.0\lib\site-packages (from twine>=1.15.0) (29.0)
Requirement already satisfied: requests-toolbelt!=0.9.0,>=0.8.0 in c:\users\sagar\funds\sample\.pybuilder\plugins\cpython-3.8.2.final.0\lib\site-packages (from twine>=1.15.0) (0.9.1)
Requirement already satisfied: tqdm>=4.14 in c:\users\sagar\funds\sample\.pybuilder\plugins\cpython-3.8.2.final.0\lib\site-packages (from twine>=1.15.0) (4.60.0)
Requirement already satisfied: importlib-metadata>=3.6 in c:\users\sagar\funds\sample\.pybuilder\plugins\cpython-3.8.2.final.0\lib\site-packages (from twine>=1.15.0) (3.10.1)
Requirement already satisfied: zipp>=0.5 in c:\users\sagar\funds\sample\.pybuilder\plugins\cpython-3.8.2.final.0\lib\site-packages (from importlib-metadata>=3.6->twine>=1.15.0) (3.4.1)
Requirement already satisfied: pywin32-ctypes!=0.1.0,!=0.1.1 in c:\users\sagar\funds\sample\.pybuilder\plugins\cpython-3.8.2.final.0\lib\site-packages (from keyring>=15.1->twine>=1.15.0) (0.2.0)
Requirement already satisfied: docutils>=0.13.1 in c:\users\sagar\funds\sample\.pybuilder\plugins\cpython-3.8.2.final.0\lib\site-packages (from readme-renderer>=21.0->twine>=1.15.0) (0.17)
Requirement already satisfied: bleach>=2.1.0 in c:\users\sagar\funds\sample\.pybuilder\plugins\cpython-3.8.2.final.0\lib\site-packages (from readme-renderer>=21.0->twine>=1.15.0) (3.3.0)
Requirement already satisfied: six in c:\users\sagar\funds\sample\.pybuilder\plugins\cpython-3.8.2.final.0\lib\site-packages (from readme-renderer>=21.0->twine>=1.15.0) (1.15.0)
Requirement already satisfied: Pygments>=2.5.1 in c:\users\sagar\funds\sample\.pybuilder\plugins\cpython-3.8.2.final.0\lib\site-packages (from readme-renderer>=21.0->twine>=1.15.0) (2.8.1)
Requirement already satisfied: packaging in c:\users\sagar\funds\sample\.pybuilder\plugins\cpython-3.8.2.final.0\lib\site-packages (from bleach>=2.1.0->readme-renderer>=21.0->twine>=1.15.0) (20.9)
Requirement already satisfied: webencodings in c:\users\sagar\funds\sample\.pybuilder\plugins\cpython-3.8.2.final.0\lib\site-packages (from bleach>=2.1.0->readme-renderer>=21.0->twine>=1.15.0) (0.5.1)
Requirement already satisfied: chardet<5,>=3.0.2 in c:\users\sagar\funds\sample\.pybuilder\plugins\cpython-3.8.2.final.0\lib\site-packages (from requests>=2.20->twine>=1.15.0) (4.0.0)
Requirement already satisfied: idna<3,>=2.5 in c:\users\sagar\funds\sample\.pybuilder\plugins\cpython-3.8.2.final.0\lib\site-packages (from requests>=2.20->twine>=1.15.0) (2.10)
Requirement already satisfied: certifi>=2017.4.17 in c:\users\sagar\funds\sample\.pybuilder\plugins\cpython-3.8.2.final.0\lib\site-packages (from requests>=2.20->twine>=1.15.0) (2020.12.5)
Requirement already satisfied: urllib3<1.27,>=1.21.1 in c:\users\sagar\funds\sample\.pybuilder\plugins\cpython-3.8.2.final.0\lib\site-packages (from requests>=2.20->twine>=1.15.0) (1.26.4)
Requirement already satisfied: pyparsing>=2.0.2 in c:\users\sagar\funds\sample\.pybuilder\plugins\cpython-3.8.2.final.0\lib\site-packages (from packaging->bleach>=2.1.0->readme-renderer>=21.0->twine>=1.15.0) (2.4.7)
Requirement already satisfied: coverage~=5.2 in c:\users\sagar\funds\sample\.pybuilder\plugins\cpython-3.8.2.final.0\lib\site-packages (5.5)
Requirement already satisfied: flake8~=3.7 in c:\users\sagar\funds\sample\.pybuilder\plugins\cpython-3.8.2.final.0\lib\site-packages (3.9.0)
Requirement already satisfied: pypandoc~=1.4 in c:\users\sagar\funds\sample\.pybuilder\plugins\cpython-3.8.2.final.0\lib\site-packages (1.5)
Requirement already satisfied: setuptools>=38.6.0 in c:\users\sagar\funds\sample\.pybuilder\plugins\cpython-3.8.2.final.0\lib\site-packages (56.0.0)
Requirement already satisfied: twine>=1.15.0 in c:\users\sagar\funds\sample\.pybuilder\plugins\cpython-3.8.2.final.0\lib\site-packages (3.4.1)
Requirement already satisfied: unittest-xml-reporting~=3.0.2 in c:\users\sagar\funds\sample\.pybuilder\plugins\cpython-3.8.2.final.0\lib\site-packages (3.0.4)
Requirement already satisfied: wheel>=0.34.0 in c:\users\sagar\funds\sample\.pybuilder\plugins\cpython-3.8.2.final.0\lib\site-packages (0.36.2)
Requirement already satisfied: pycodestyle<2.8.0,>=2.7.0 in c:\users\sagar\funds\sample\.pybuilder\plugins\cpython-3.8.2.final.0\lib\site-packages (from flake8~=3.7) (2.7.0)
Requirement already satisfied: mccabe<0.7.0,>=0.6.0 in c:\users\sagar\funds\sample\.pybuilder\plugins\cpython-3.8.2.final.0\lib\site-packages (from flake8~=3.7) (0.6.1)
Requirement already satisfied: pyflakes<2.4.0,>=2.3.0 in c:\users\sagar\funds\sample\.pybuilder\plugins\cpython-3.8.2.final.0\lib\site-packages (from flake8~=3.7) (2.3.1)
Requirement already satisfied: pip>=8.1.0 in c:\users\sagar\funds\sample\.pybuilder\plugins\cpython-3.8.2.final.0\lib\site-packages (from pypandoc~=1.4) (21.0.1)
Requirement already satisfied: importlib-metadata>=3.6 in c:\users\sagar\funds\sample\.pybuilder\plugins\cpython-3.8.2.final.0\lib\site-packages (from twine>=1.15.0) (3.10.1)
Requirement already satisfied: pkginfo>=1.4.2 in c:\users\sagar\funds\sample\.pybuilder\plugins\cpython-3.8.2.final.0\lib\site-packages (from twine>=1.15.0) (1.7.0)
Requirement already satisfied: keyring>=15.1 in c:\users\sagar\funds\sample\.pybuilder\plugins\cpython-3.8.2.final.0\lib\site-packages (from twine>=1.15.0) (23.0.1)
Requirement already satisfied: requests-toolbelt!=0.9.0,>=0.8.0 in c:\users\sagar\funds\sample\.pybuilder\plugins\cpython-3.8.2.final.0\lib\site-packages (from twine>=1.15.0) (0.9.1)
Requirement already satisfied: readme-renderer>=21.0 in c:\users\sagar\funds\sample\.pybuilder\plugins\cpython-3.8.2.final.0\lib\site-packages (from twine>=1.15.0) (29.0)
Requirement already satisfied: tqdm>=4.14 in c:\users\sagar\funds\sample\.pybuilder\plugins\cpython-3.8.2.final.0\lib\site-packages (from twine>=1.15.0) (4.60.0)
Requirement already satisfied: rfc3986>=1.4.0 in c:\users\sagar\funds\sample\.pybuilder\plugins\cpython-3.8.2.final.0\lib\site-packages (from twine>=1.15.0) (1.4.0)
Requirement already satisfied: requests>=2.20 in c:\users\sagar\funds\sample\.pybuilder\plugins\cpython-3.8.2.final.0\lib\site-packages (from twine>=1.15.0) (2.25.1)
Requirement already satisfied: colorama>=0.4.3 in c:\users\sagar\funds\sample\.pybuilder\plugins\cpython-3.8.2.final.0\lib\site-packages (from twine>=1.15.0) (0.4.4)
Requirement already satisfied: zipp>=0.5 in c:\users\sagar\funds\sample\.pybuilder\plugins\cpython-3.8.2.final.0\lib\site-packages (from importlib-metadata>=3.6->twine>=1.15.0) (3.4.1)
Requirement already satisfied: pywin32-ctypes!=0.1.0,!=0.1.1 in c:\users\sagar\funds\sample\.pybuilder\plugins\cpython-3.8.2.final.0\lib\site-packages (from keyring>=15.1->twine>=1.15.0) (0.2.0)
Requirement already satisfied: six in c:\users\sagar\funds\sample\.pybuilder\plugins\cpython-3.8.2.final.0\lib\site-packages (from readme-renderer>=21.0->twine>=1.15.0) (1.15.0)
Requirement already satisfied: bleach>=2.1.0 in c:\users\sagar\funds\sample\.pybuilder\plugins\cpython-3.8.2.final.0\lib\site-packages (from readme-renderer>=21.0->twine>=1.15.0) (3.3.0)
Requirement already satisfied: docutils>=0.13.1 in c:\users\sagar\funds\sample\.pybuilder\plugins\cpython-3.8.2.final.0\lib\site-packages (from readme-renderer>=21.0->twine>=1.15.0) (0.17)
Requirement already satisfied: Pygments>=2.5.1 in c:\users\sagar\funds\sample\.pybuilder\plugins\cpython-3.8.2.final.0\lib\site-packages (from readme-renderer>=21.0->twine>=1.15.0) (2.8.1)
Requirement already satisfied: webencodings in c:\users\sagar\funds\sample\.pybuilder\plugins\cpython-3.8.2.final.0\lib\site-packages (from bleach>=2.1.0->readme-renderer>=21.0->twine>=1.15.0) (0.5.1)
Requirement already satisfied: packaging in c:\users\sagar\funds\sample\.pybuilder\plugins\cpython-3.8.2.final.0\lib\site-packages (from bleach>=2.1.0->readme-renderer>=21.0->twine>=1.15.0) (20.9)
Requirement already satisfied: certifi>=2017.4.17 in c:\users\sagar\funds\sample\.pybuilder\plugins\cpython-3.8.2.final.0\lib\site-packages (from requests>=2.20->twine>=1.15.0) (2020.12.5)
Requirement already satisfied: urllib3<1.27,>=1.21.1 in c:\users\sagar\funds\sample\.pybuilder\plugins\cpython-3.8.2.final.0\lib\site-packages (from requests>=2.20->twine>=1.15.0) (1.26.4)
Requirement already satisfied: idna<3,>=2.5 in c:\users\sagar\funds\sample\.pybuilder\plugins\cpython-3.8.2.final.0\lib\site-packages (from requests>=2.20->twine>=1.15.0) (2.10)
Requirement already satisfied: chardet<5,>=3.0.2 in c:\users\sagar\funds\sample\.pybuilder\plugins\cpython-3.8.2.final.0\lib\site-packages (from requests>=2.20->twine>=1.15.0) (4.0.0)
Requirement already satisfied: pyparsing>=2.0.2 in c:\users\sagar\funds\sample\.pybuilder\plugins\cpython-3.8.2.final.0\lib\site-packages (from packaging->bleach>=2.1.0->readme-renderer>=21.0->twine>=1.15.0) (2.4.7)
Requirement already satisfied: coverage~=5.2 in c:\users\sagar\funds\sample\.pybuilder\plugins\cpython-3.8.2.final.0\lib\site-packages (5.5)
Requirement already satisfied: flake8~=3.7 in c:\users\sagar\funds\sample\.pybuilder\plugins\cpython-3.8.2.final.0\lib\site-packages (3.9.0)
Requirement already satisfied: pypandoc~=1.4 in c:\users\sagar\funds\sample\.pybuilder\plugins\cpython-3.8.2.final.0\lib\site-packages (1.5)
Requirement already satisfied: setuptools>=38.6.0 in c:\users\sagar\funds\sample\.pybuilder\plugins\cpython-3.8.2.final.0\lib\site-packages (56.0.0)
Requirement already satisfied: twine>=1.15.0 in c:\users\sagar\funds\sample\.pybuilder\plugins\cpython-3.8.2.final.0\lib\site-packages (3.4.1)
Requirement already satisfied: unittest-xml-reporting~=3.0.2 in c:\users\sagar\funds\sample\.pybuilder\plugins\cpython-3.8.2.final.0\lib\site-packages (3.0.4)
Requirement already satisfied: wheel>=0.34.0 in c:\users\sagar\funds\sample\.pybuilder\plugins\cpython-3.8.2.final.0\lib\site-packages (0.36.2)
Requirement already satisfied: mccabe<0.7.0,>=0.6.0 in c:\users\sagar\funds\sample\.pybuilder\plugins\cpython-3.8.2.final.0\lib\site-packages (from flake8~=3.7) (0.6.1)
Requirement already satisfied: pyflakes<2.4.0,>=2.3.0 in c:\users\sagar\funds\sample\.pybuilder\plugins\cpython-3.8.2.final.0\lib\site-packages (from flake8~=3.7) (2.3.1)
Requirement already satisfied: pycodestyle<2.8.0,>=2.7.0 in c:\users\sagar\funds\sample\.pybuilder\plugins\cpython-3.8.2.final.0\lib\site-packages (from flake8~=3.7) (2.7.0)
Requirement already satisfied: pip>=8.1.0 in c:\users\sagar\funds\sample\.pybuilder\plugins\cpython-3.8.2.final.0\lib\site-packages (from pypandoc~=1.4) (21.0.1)
Requirement already satisfied: requests>=2.20 in c:\users\sagar\funds\sample\.pybuilder\plugins\cpython-3.8.2.final.0\lib\site-packages (from twine>=1.15.0) (2.25.1)
Requirement already satisfied: requests-toolbelt!=0.9.0,>=0.8.0 in c:\users\sagar\funds\sample\.pybuilder\plugins\cpython-3.8.2.final.0\lib\site-packages (from twine>=1.15.0) (0.9.1)
Requirement already satisfied: rfc3986>=1.4.0 in c:\users\sagar\funds\sample\.pybuilder\plugins\cpython-3.8.2.final.0\lib\site-packages (from twine>=1.15.0) (1.4.0)
Requirement already satisfied: importlib-metadata>=3.6 in c:\users\sagar\funds\sample\.pybuilder\plugins\cpython-3.8.2.final.0\lib\site-packages (from twine>=1.15.0) (3.10.1)
Requirement already satisfied: colorama>=0.4.3 in c:\users\sagar\funds\sample\.pybuilder\plugins\cpython-3.8.2.final.0\lib\site-packages (from twine>=1.15.0) (0.4.4)
Requirement already satisfied: tqdm>=4.14 in c:\users\sagar\funds\sample\.pybuilder\plugins\cpython-3.8.2.final.0\lib\site-packages (from twine>=1.15.0) (4.60.0)
Requirement already satisfied: keyring>=15.1 in c:\users\sagar\funds\sample\.pybuilder\plugins\cpython-3.8.2.final.0\lib\site-packages (from twine>=1.15.0) (23.0.1)
Requirement already satisfied: readme-renderer>=21.0 in c:\users\sagar\funds\sample\.pybuilder\plugins\cpython-3.8.2.final.0\lib\site-packages (from twine>=1.15.0) (29.0)
Requirement already satisfied: pkginfo>=1.4.2 in c:\users\sagar\funds\sample\.pybuilder\plugins\cpython-3.8.2.final.0\lib\site-packages (from twine>=1.15.0) (1.7.0)
Requirement already satisfied: zipp>=0.5 in c:\users\sagar\funds\sample\.pybuilder\plugins\cpython-3.8.2.final.0\lib\site-packages (from importlib-metadata>=3.6->twine>=1.15.0) (3.4.1)
Requirement already satisfied: pywin32-ctypes!=0.1.0,!=0.1.1 in c:\users\sagar\funds\sample\.pybuilder\plugins\cpython-3.8.2.final.0\lib\site-packages (from keyring>=15.1->twine>=1.15.0) (0.2.0)
Requirement already satisfied: Pygments>=2.5.1 in c:\users\sagar\funds\sample\.pybuilder\plugins\cpython-3.8.2.final.0\lib\site-packages (from readme-renderer>=21.0->twine>=1.15.0) (2.8.1)
Requirement already satisfied: six in c:\users\sagar\funds\sample\.pybuilder\plugins\cpython-3.8.2.final.0\lib\site-packages (from readme-renderer>=21.0->twine>=1.15.0) (1.15.0)
Requirement already satisfied: bleach>=2.1.0 in c:\users\sagar\funds\sample\.pybuilder\plugins\cpython-3.8.2.final.0\lib\site-packages (from readme-renderer>=21.0->twine>=1.15.0) (3.3.0)
Requirement already satisfied: docutils>=0.13.1 in c:\users\sagar\funds\sample\.pybuilder\plugins\cpython-3.8.2.final.0\lib\site-packages (from readme-renderer>=21.0->twine>=1.15.0) (0.17)
Requirement already satisfied: packaging in c:\users\sagar\funds\sample\.pybuilder\plugins\cpython-3.8.2.final.0\lib\site-packages (from bleach>=2.1.0->readme-renderer>=21.0->twine>=1.15.0) (20.9)
Requirement already satisfied: webencodings in c:\users\sagar\funds\sample\.pybuilder\plugins\cpython-3.8.2.final.0\lib\site-packages (from bleach>=2.1.0->readme-renderer>=21.0->twine>=1.15.0) (0.5.1)
Requirement already satisfied: urllib3<1.27,>=1.21.1 in c:\users\sagar\funds\sample\.pybuilder\plugins\cpython-3.8.2.final.0\lib\site-packages (from requests>=2.20->twine>=1.15.0) (1.26.4)
Requirement already satisfied: idna<3,>=2.5 in c:\users\sagar\funds\sample\.pybuilder\plugins\cpython-3.8.2.final.0\lib\site-packages (from requests>=2.20->twine>=1.15.0) (2.10)
Requirement already satisfied: certifi>=2017.4.17 in c:\users\sagar\funds\sample\.pybuilder\plugins\cpython-3.8.2.final.0\lib\site-packages (from requests>=2.20->twine>=1.15.0) (2020.12.5)
Requirement already satisfied: chardet<5,>=3.0.2 in c:\users\sagar\funds\sample\.pybuilder\plugins\cpython-3.8.2.final.0\lib\site-packages (from requests>=2.20->twine>=1.15.0) (4.0.0)
Requirement already satisfied: pyparsing>=2.0.2 in c:\users\sagar\funds\sample\.pybuilder\plugins\cpython-3.8.2.final.0\lib\site-packages (from packaging->bleach>=2.1.0->readme-renderer>=21.0->twine>=1.15.0) (2.4.7)
Requirement already satisfied: coverage~=5.2 in c:\users\sagar\funds\sample\.pybuilder\plugins\cpython-3.8.2.final.0\lib\site-packages (5.5)
Requirement already satisfied: flake8~=3.7 in c:\users\sagar\funds\sample\.pybuilder\plugins\cpython-3.8.2.final.0\lib\site-packages (3.9.0)
Requirement already satisfied: pypandoc~=1.4 in c:\users\sagar\funds\sample\.pybuilder\plugins\cpython-3.8.2.final.0\lib\site-packages (1.5)
Requirement already satisfied: setuptools>=38.6.0 in c:\users\sagar\funds\sample\.pybuilder\plugins\cpython-3.8.2.final.0\lib\site-packages (56.0.0)
Requirement already satisfied: twine>=1.15.0 in c:\users\sagar\funds\sample\.pybuilder\plugins\cpython-3.8.2.final.0\lib\site-packages (3.4.1)
Requirement already satisfied: unittest-xml-reporting~=3.0.2 in c:\users\sagar\funds\sample\.pybuilder\plugins\cpython-3.8.2.final.0\lib\site-packages (3.0.4)
Requirement already satisfied: wheel>=0.34.0 in c:\users\sagar\funds\sample\.pybuilder\plugins\cpython-3.8.2.final.0\lib\site-packages (0.36.2)
Requirement already satisfied: pyflakes<2.4.0,>=2.3.0 in c:\users\sagar\funds\sample\.pybuilder\plugins\cpython-3.8.2.final.0\lib\site-packages (from flake8~=3.7) (2.3.1)
Requirement already satisfied: mccabe<0.7.0,>=0.6.0 in c:\users\sagar\funds\sample\.pybuilder\plugins\cpython-3.8.2.final.0\lib\site-packages (from flake8~=3.7) (0.6.1)
Requirement already satisfied: pycodestyle<2.8.0,>=2.7.0 in c:\users\sagar\funds\sample\.pybuilder\plugins\cpython-3.8.2.final.0\lib\site-packages (from flake8~=3.7) (2.7.0)
Requirement already satisfied: pip>=8.1.0 in c:\users\sagar\funds\sample\.pybuilder\plugins\cpython-3.8.2.final.0\lib\site-packages (from pypandoc~=1.4) (21.0.1)
Requirement already satisfied: colorama>=0.4.3 in c:\users\sagar\funds\sample\.pybuilder\plugins\cpython-3.8.2.final.0\lib\site-packages (from twine>=1.15.0) (0.4.4)
Requirement already satisfied: requests>=2.20 in c:\users\sagar\funds\sample\.pybuilder\plugins\cpython-3.8.2.final.0\lib\site-packages (from twine>=1.15.0) (2.25.1)
Requirement already satisfied: pkginfo>=1.4.2 in c:\users\sagar\funds\sample\.pybuilder\plugins\cpython-3.8.2.final.0\lib\site-packages (from twine>=1.15.0) (1.7.0)
Requirement already satisfied: importlib-metadata>=3.6 in c:\users\sagar\funds\sample\.pybuilder\plugins\cpython-3.8.2.final.0\lib\site-packages (from twine>=1.15.0) (3.10.1)
Requirement already satisfied: rfc3986>=1.4.0 in c:\users\sagar\funds\sample\.pybuilder\plugins\cpython-3.8.2.final.0\lib\site-packages (from twine>=1.15.0) (1.4.0)
Requirement already satisfied: requests-toolbelt!=0.9.0,>=0.8.0 in c:\users\sagar\funds\sample\.pybuilder\plugins\cpython-3.8.2.final.0\lib\site-packages (from twine>=1.15.0) (0.9.1)
Requirement already satisfied: keyring>=15.1 in c:\users\sagar\funds\sample\.pybuilder\plugins\cpython-3.8.2.final.0\lib\site-packages (from twine>=1.15.0) (23.0.1)
Requirement already satisfied: readme-renderer>=21.0 in c:\users\sagar\funds\sample\.pybuilder\plugins\cpython-3.8.2.final.0\lib\site-packages (from twine>=1.15.0) (29.0)
Requirement already satisfied: tqdm>=4.14 in c:\users\sagar\funds\sample\.pybuilder\plugins\cpython-3.8.2.final.0\lib\site-packages (from twine>=1.15.0) (4.60.0)
Requirement already satisfied: zipp>=0.5 in c:\users\sagar\funds\sample\.pybuilder\plugins\cpython-3.8.2.final.0\lib\site-packages (from importlib-metadata>=3.6->twine>=1.15.0) (3.4.1)
Requirement already satisfied: pywin32-ctypes!=0.1.0,!=0.1.1 in c:\users\sagar\funds\sample\.pybuilder\plugins\cpython-3.8.2.final.0\lib\site-packages (from keyring>=15.1->twine>=1.15.0) (0.2.0)
Requirement already satisfied: docutils>=0.13.1 in c:\users\sagar\funds\sample\.pybuilder\plugins\cpython-3.8.2.final.0\lib\site-packages (from readme-renderer>=21.0->twine>=1.15.0) (0.17)
Requirement already satisfied: Pygments>=2.5.1 in c:\users\sagar\funds\sample\.pybuilder\plugins\cpython-3.8.2.final.0\lib\site-packages (from readme-renderer>=21.0->twine>=1.15.0) (2.8.1)
Requirement already satisfied: bleach>=2.1.0 in c:\users\sagar\funds\sample\.pybuilder\plugins\cpython-3.8.2.final.0\lib\site-packages (from readme-renderer>=21.0->twine>=1.15.0) (3.3.0)
Requirement already satisfied: six in c:\users\sagar\funds\sample\.pybuilder\plugins\cpython-3.8.2.final.0\lib\site-packages (from readme-renderer>=21.0->twine>=1.15.0) (1.15.0)
Requirement already satisfied: webencodings in c:\users\sagar\funds\sample\.pybuilder\plugins\cpython-3.8.2.final.0\lib\site-packages (from bleach>=2.1.0->readme-renderer>=21.0->twine>=1.15.0) (0.5.1)
Requirement already satisfied: packaging in c:\users\sagar\funds\sample\.pybuilder\plugins\cpython-3.8.2.final.0\lib\site-packages (from bleach>=2.1.0->readme-renderer>=21.0->twine>=1.15.0) (20.9)
Requirement already satisfied: chardet<5,>=3.0.2 in c:\users\sagar\funds\sample\.pybuilder\plugins\cpython-3.8.2.final.0\lib\site-packages (from requests>=2.20->twine>=1.15.0) (4.0.0)
Requirement already satisfied: certifi>=2017.4.17 in c:\users\sagar\funds\sample\.pybuilder\plugins\cpython-3.8.2.final.0\lib\site-packages (from requests>=2.20->twine>=1.15.0) (2020.12.5)
Requirement already satisfied: urllib3<1.27,>=1.21.1 in c:\users\sagar\funds\sample\.pybuilder\plugins\cpython-3.8.2.final.0\lib\site-packages (from requests>=2.20->twine>=1.15.0) (1.26.4)
Requirement already satisfied: idna<3,>=2.5 in c:\users\sagar\funds\sample\.pybuilder\plugins\cpython-3.8.2.final.0\lib\site-packages (from requests>=2.20->twine>=1.15.0) (2.10)
Requirement already satisfied: pyparsing>=2.0.2 in c:\users\sagar\funds\sample\.pybuilder\plugins\cpython-3.8.2.final.0\lib\site-packages (from packaging->bleach>=2.1.0->readme-renderer>=21.0->twine>=1.15.0) (2.4.7)
Requirement already satisfied: coverage~=5.2 in c:\users\sagar\funds\sample\.pybuilder\plugins\cpython-3.8.2.final.0\lib\site-packages (5.5)
Requirement already satisfied: flake8~=3.7 in c:\users\sagar\funds\sample\.pybuilder\plugins\cpython-3.8.2.final.0\lib\site-packages (3.9.0)
Requirement already satisfied: pypandoc~=1.4 in c:\users\sagar\funds\sample\.pybuilder\plugins\cpython-3.8.2.final.0\lib\site-packages (1.5)
Requirement already satisfied: setuptools>=38.6.0 in c:\users\sagar\funds\sample\.pybuilder\plugins\cpython-3.8.2.final.0\lib\site-packages (56.0.0)
Requirement already satisfied: twine>=1.15.0 in c:\users\sagar\funds\sample\.pybuilder\plugins\cpython-3.8.2.final.0\lib\site-packages (3.4.1)
Requirement already satisfied: unittest-xml-reporting~=3.0.2 in c:\users\sagar\funds\sample\.pybuilder\plugins\cpython-3.8.2.final.0\lib\site-packages (3.0.4)
Requirement already satisfied: wheel>=0.34.0 in c:\users\sagar\funds\sample\.pybuilder\plugins\cpython-3.8.2.final.0\lib\site-packages (0.36.2)
Requirement already satisfied: pycodestyle<2.8.0,>=2.7.0 in c:\users\sagar\funds\sample\.pybuilder\plugins\cpython-3.8.2.final.0\lib\site-packages (from flake8~=3.7) (2.7.0)
Requirement already satisfied: pyflakes<2.4.0,>=2.3.0 in c:\users\sagar\funds\sample\.pybuilder\plugins\cpython-3.8.2.final.0\lib\site-packages (from flake8~=3.7) (2.3.1)
Requirement already satisfied: mccabe<0.7.0,>=0.6.0 in c:\users\sagar\funds\sample\.pybuilder\plugins\cpython-3.8.2.final.0\lib\site-packages (from flake8~=3.7) (0.6.1)
Requirement already satisfied: pip>=8.1.0 in c:\users\sagar\funds\sample\.pybuilder\plugins\cpython-3.8.2.final.0\lib\site-packages (from pypandoc~=1.4) (21.0.1)
Requirement already satisfied: colorama>=0.4.3 in c:\users\sagar\funds\sample\.pybuilder\plugins\cpython-3.8.2.final.0\lib\site-packages (from twine>=1.15.0) (0.4.4)
Requirement already satisfied: tqdm>=4.14 in c:\users\sagar\funds\sample\.pybuilder\plugins\cpython-3.8.2.final.0\lib\site-packages (from twine>=1.15.0) (4.60.0)
Requirement already satisfied: importlib-metadata>=3.6 in c:\users\sagar\funds\sample\.pybuilder\plugins\cpython-3.8.2.final.0\lib\site-packages (from twine>=1.15.0) (3.10.1)
Requirement already satisfied: readme-renderer>=21.0 in c:\users\sagar\funds\sample\.pybuilder\plugins\cpython-3.8.2.final.0\lib\site-packages (from twine>=1.15.0) (29.0)
Requirement already satisfied: keyring>=15.1 in c:\users\sagar\funds\sample\.pybuilder\plugins\cpython-3.8.2.final.0\lib\site-packages (from twine>=1.15.0) (23.0.1)
Requirement already satisfied: pkginfo>=1.4.2 in c:\users\sagar\funds\sample\.pybuilder\plugins\cpython-3.8.2.final.0\lib\site-packages (from twine>=1.15.0) (1.7.0)
Requirement already satisfied: rfc3986>=1.4.0 in c:\users\sagar\funds\sample\.pybuilder\plugins\cpython-3.8.2.final.0\lib\site-packages (from twine>=1.15.0) (1.4.0)
Requirement already satisfied: requests>=2.20 in c:\users\sagar\funds\sample\.pybuilder\plugins\cpython-3.8.2.final.0\lib\site-packages (from twine>=1.15.0) (2.25.1)
Requirement already satisfied: requests-toolbelt!=0.9.0,>=0.8.0 in c:\users\sagar\funds\sample\.pybuilder\plugins\cpython-3.8.2.final.0\lib\site-packages (from twine>=1.15.0) (0.9.1)
Requirement already satisfied: zipp>=0.5 in c:\users\sagar\funds\sample\.pybuilder\plugins\cpython-3.8.2.final.0\lib\site-packages (from importlib-metadata>=3.6->twine>=1.15.0) (3.4.1)
Requirement already satisfied: pywin32-ctypes!=0.1.0,!=0.1.1 in c:\users\sagar\funds\sample\.pybuilder\plugins\cpython-3.8.2.final.0\lib\site-packages (from keyring>=15.1->twine>=1.15.0) (0.2.0)
Requirement already satisfied: bleach>=2.1.0 in c:\users\sagar\funds\sample\.pybuilder\plugins\cpython-3.8.2.final.0\lib\site-packages (from readme-renderer>=21.0->twine>=1.15.0) (3.3.0)
Requirement already satisfied: six in c:\users\sagar\funds\sample\.pybuilder\plugins\cpython-3.8.2.final.0\lib\site-packages (from readme-renderer>=21.0->twine>=1.15.0) (1.15.0)
Requirement already satisfied: Pygments>=2.5.1 in c:\users\sagar\funds\sample\.pybuilder\plugins\cpython-3.8.2.final.0\lib\site-packages (from readme-renderer>=21.0->twine>=1.15.0) (2.8.1)
Requirement already satisfied: docutils>=0.13.1 in c:\users\sagar\funds\sample\.pybuilder\plugins\cpython-3.8.2.final.0\lib\site-packages (from readme-renderer>=21.0->twine>=1.15.0) (0.17)
Requirement already satisfied: packaging in c:\users\sagar\funds\sample\.pybuilder\plugins\cpython-3.8.2.final.0\lib\site-packages (from bleach>=2.1.0->readme-renderer>=21.0->twine>=1.15.0) (20.9)
Requirement already satisfied: webencodings in c:\users\sagar\funds\sample\.pybuilder\plugins\cpython-3.8.2.final.0\lib\site-packages (from bleach>=2.1.0->readme-renderer>=21.0->twine>=1.15.0) (0.5.1)
Requirement already satisfied: certifi>=2017.4.17 in c:\users\sagar\funds\sample\.pybuilder\plugins\cpython-3.8.2.final.0\lib\site-packages (from requests>=2.20->twine>=1.15.0) (2020.12.5)
Requirement already satisfied: idna<3,>=2.5 in c:\users\sagar\funds\sample\.pybuilder\plugins\cpython-3.8.2.final.0\lib\site-packages (from requests>=2.20->twine>=1.15.0) (2.10)
Requirement already satisfied: chardet<5,>=3.0.2 in c:\users\sagar\funds\sample\.pybuilder\plugins\cpython-3.8.2.final.0\lib\site-packages (from requests>=2.20->twine>=1.15.0) (4.0.0)
Requirement already satisfied: urllib3<1.27,>=1.21.1 in c:\users\sagar\funds\sample\.pybuilder\plugins\cpython-3.8.2.final.0\lib\site-packages (from requests>=2.20->twine>=1.15.0) (1.26.4)
Requirement already satisfied: pyparsing>=2.0.2 in c:\users\sagar\funds\sample\.pybuilder\plugins\cpython-3.8.2.final.0\lib\site-packages (from packaging->bleach>=2.1.0->readme-renderer>=21.0->twine>=1.15.0) (2.4.7)
Requirement already satisfied: coverage~=5.2 in c:\users\sagar\funds\sample\.pybuilder\plugins\cpython-3.8.2.final.0\lib\site-packages (5.5)
Requirement already satisfied: flake8~=3.7 in c:\users\sagar\funds\sample\.pybuilder\plugins\cpython-3.8.2.final.0\lib\site-packages (3.9.0)
Requirement already satisfied: pypandoc~=1.4 in c:\users\sagar\funds\sample\.pybuilder\plugins\cpython-3.8.2.final.0\lib\site-packages (1.5)
Requirement already satisfied: setuptools>=38.6.0 in c:\users\sagar\funds\sample\.pybuilder\plugins\cpython-3.8.2.final.0\lib\site-packages (56.0.0)
Requirement already satisfied: twine>=1.15.0 in c:\users\sagar\funds\sample\.pybuilder\plugins\cpython-3.8.2.final.0\lib\site-packages (3.4.1)
Requirement already satisfied: unittest-xml-reporting~=3.0.2 in c:\users\sagar\funds\sample\.pybuilder\plugins\cpython-3.8.2.final.0\lib\site-packages (3.0.4)
Requirement already satisfied: wheel>=0.34.0 in c:\users\sagar\funds\sample\.pybuilder\plugins\cpython-3.8.2.final.0\lib\site-packages (0.36.2)
Requirement already satisfied: pycodestyle<2.8.0,>=2.7.0 in c:\users\sagar\funds\sample\.pybuilder\plugins\cpython-3.8.2.final.0\lib\site-packages (from flake8~=3.7) (2.7.0)
Requirement already satisfied: pyflakes<2.4.0,>=2.3.0 in c:\users\sagar\funds\sample\.pybuilder\plugins\cpython-3.8.2.final.0\lib\site-packages (from flake8~=3.7) (2.3.1)
Requirement already satisfied: mccabe<0.7.0,>=0.6.0 in c:\users\sagar\funds\sample\.pybuilder\plugins\cpython-3.8.2.final.0\lib\site-packages (from flake8~=3.7) (0.6.1)
Requirement already satisfied: pip>=8.1.0 in c:\users\sagar\funds\sample\.pybuilder\plugins\cpython-3.8.2.final.0\lib\site-packages (from pypandoc~=1.4) (21.0.1)
Requirement already satisfied: colorama>=0.4.3 in c:\users\sagar\funds\sample\.pybuilder\plugins\cpython-3.8.2.final.0\lib\site-packages (from twine>=1.15.0) (0.4.4)
Requirement already satisfied: requests>=2.20 in c:\users\sagar\funds\sample\.pybuilder\plugins\cpython-3.8.2.final.0\lib\site-packages (from twine>=1.15.0) (2.25.1)
Requirement already satisfied: importlib-metadata>=3.6 in c:\users\sagar\funds\sample\.pybuilder\plugins\cpython-3.8.2.final.0\lib\site-packages (from twine>=1.15.0) (3.10.1)
Requirement already satisfied: keyring>=15.1 in c:\users\sagar\funds\sample\.pybuilder\plugins\cpython-3.8.2.final.0\lib\site-packages (from twine>=1.15.0) (23.0.1)
Requirement already satisfied: tqdm>=4.14 in c:\users\sagar\funds\sample\.pybuilder\plugins\cpython-3.8.2.final.0\lib\site-packages (from twine>=1.15.0) (4.60.0)
Requirement already satisfied: rfc3986>=1.4.0 in c:\users\sagar\funds\sample\.pybuilder\plugins\cpython-3.8.2.final.0\lib\site-packages (from twine>=1.15.0) (1.4.0)
Requirement already satisfied: pkginfo>=1.4.2 in c:\users\sagar\funds\sample\.pybuilder\plugins\cpython-3.8.2.final.0\lib\site-packages (from twine>=1.15.0) (1.7.0)
Requirement already satisfied: readme-renderer>=21.0 in c:\users\sagar\funds\sample\.pybuilder\plugins\cpython-3.8.2.final.0\lib\site-packages (from twine>=1.15.0) (29.0)
Requirement already satisfied: requests-toolbelt!=0.9.0,>=0.8.0 in c:\users\sagar\funds\sample\.pybuilder\plugins\cpython-3.8.2.final.0\lib\site-packages (from twine>=1.15.0) (0.9.1)
Requirement already satisfied: zipp>=0.5 in c:\users\sagar\funds\sample\.pybuilder\plugins\cpython-3.8.2.final.0\lib\site-packages (from importlib-metadata>=3.6->twine>=1.15.0) (3.4.1)
Requirement already satisfied: pywin32-ctypes!=0.1.0,!=0.1.1 in c:\users\sagar\funds\sample\.pybuilder\plugins\cpython-3.8.2.final.0\lib\site-packages (from keyring>=15.1->twine>=1.15.0) (0.2.0)
Requirement already satisfied: Pygments>=2.5.1 in c:\users\sagar\funds\sample\.pybuilder\plugins\cpython-3.8.2.final.0\lib\site-packages (from readme-renderer>=21.0->twine>=1.15.0) (2.8.1)
Requirement already satisfied: six in c:\users\sagar\funds\sample\.pybuilder\plugins\cpython-3.8.2.final.0\lib\site-packages (from readme-renderer>=21.0->twine>=1.15.0) (1.15.0)
Requirement already satisfied: bleach>=2.1.0 in c:\users\sagar\funds\sample\.pybuilder\plugins\cpython-3.8.2.final.0\lib\site-packages (from readme-renderer>=21.0->twine>=1.15.0) (3.3.0)
Requirement already satisfied: docutils>=0.13.1 in c:\users\sagar\funds\sample\.pybuilder\plugins\cpython-3.8.2.final.0\lib\site-packages (from readme-renderer>=21.0->twine>=1.15.0) (0.17)
Requirement already satisfied: webencodings in c:\users\sagar\funds\sample\.pybuilder\plugins\cpython-3.8.2.final.0\lib\site-packages (from bleach>=2.1.0->readme-renderer>=21.0->twine>=1.15.0) (0.5.1)
Requirement already satisfied: packaging in c:\users\sagar\funds\sample\.pybuilder\plugins\cpython-3.8.2.final.0\lib\site-packages (from bleach>=2.1.0->readme-renderer>=21.0->twine>=1.15.0) (20.9)
Requirement already satisfied: certifi>=2017.4.17 in c:\users\sagar\funds\sample\.pybuilder\plugins\cpython-3.8.2.final.0\lib\site-packages (from requests>=2.20->twine>=1.15.0) (2020.12.5)
Requirement already satisfied: chardet<5,>=3.0.2 in c:\users\sagar\funds\sample\.pybuilder\plugins\cpython-3.8.2.final.0\lib\site-packages (from requests>=2.20->twine>=1.15.0) (4.0.0)
Requirement already satisfied: idna<3,>=2.5 in c:\users\sagar\funds\sample\.pybuilder\plugins\cpython-3.8.2.final.0\lib\site-packages (from requests>=2.20->twine>=1.15.0) (2.10)
Requirement already satisfied: urllib3<1.27,>=1.21.1 in c:\users\sagar\funds\sample\.pybuilder\plugins\cpython-3.8.2.final.0\lib\site-packages (from requests>=2.20->twine>=1.15.0) (1.26.4)
Requirement already satisfied: pyparsing>=2.0.2 in c:\users\sagar\funds\sample\.pybuilder\plugins\cpython-3.8.2.final.0\lib\site-packages (from packaging->bleach>=2.1.0->readme-renderer>=21.0->twine>=1.15.0) (2.4.7)
